<?xml version="1.0" encoding="UTF-8"?>
<!-- Generated by org.testng.reporters.JUnitXMLReporter -->
<testsuite hostname="CDC2-L-35Z28Y2" name="Test" tests="4" failures="0" timestamp="15 Jul 2020 04:36:36 GMT" time="0.067" errors="0">
  <testcase name="NegativeAppAndroid" time="0.011" classname="Sample.TestNew.AppiumTest$RESTAPITest"/>
  <testcase name="IOSApp" time="0.001" classname="Sample.TestNew.AppiumTest"/>
  <testcase name="PostJira" time="0.001" classname="Sample.TestNew.RESTAPITest"/>
  <testcase name="deletetwitter" time="0.001" classname="Sample.TestNew.RESTAPITest"/>
</testsuite> <!-- Test -->
