<?xml version="1.0" encoding="UTF-8"?>
<!-- Generated by org.testng.reporters.JUnitXMLReporter -->
<testsuite hostname="M2B-L-6Z40NW2" ignored="0" name="Default test" tests="3" failures="0" timestamp="19 Aug 2020 05:57:58 GMT" time="287.94" errors="0">
  <testcase name="Create NTB Lead" time="158.915" classname="com.salesforce.automation.test.LeadPageTest"/>
  <testcase name="Create NTB Lead - Asset" time="41.757" classname="com.salesforce.automation.test.LeadPageTest"/>
  <testcase name="Create NTB Lead - Asset1" time="36.16" classname="com.salesforce.automation.test.LeadPageTest"/>
</testsuite> <!-- Default test -->
