<?xml version="1.0" encoding="UTF-8"?>
<testng-results skipped="0" failed="0" total="2" passed="2">
  <reporter-output>
  </reporter-output>
  <suite name="Default suite" duration-ms="124" started-at="2020-08-19T10:19:32Z" finished-at="2020-08-19T10:19:32Z">
    <groups>
    </groups>
    <test name="Default test" duration-ms="124" started-at="2020-08-19T10:19:32Z" finished-at="2020-08-19T10:19:32Z">
      <class name="Sample.TestNew.AppiumTest$RESTAPITest">
        <test-method status="PASS" signature="NegativeAppAndroid()[pri:0, instance:Sample.TestNew.AppiumTest$RESTAPITest@d2e7d9]" name="NegativeAppAndroid" duration-ms="46" started-at="2020-08-19T15:49:32Z" finished-at="2020-08-19T15:49:32Z">
          <reporter-output>
          </reporter-output>
        </test-method> <!-- NegativeAppAndroid -->
      </class> <!-- Sample.TestNew.AppiumTest$RESTAPITest -->
      <class name="Sample.TestNew.AppiumTest">
        <test-method status="PASS" signature="IOSApp()[pri:0, instance:Sample.TestNew.AppiumTest@24a67]" name="IOSApp" duration-ms="2" started-at="2020-08-19T15:49:32Z" finished-at="2020-08-19T15:49:32Z">
          <reporter-output>
          </reporter-output>
        </test-method> <!-- IOSApp -->
      </class> <!-- Sample.TestNew.AppiumTest -->
    </test> <!-- Default test -->
  </suite> <!-- Default suite -->
</testng-results>
