<?xml version="1.0" encoding="UTF-8"?>
<!-- Generated by org.testng.reporters.JUnitXMLReporter -->
<testsuite hostname="M5-D-CXNNX52" name="SalesForce" tests="6" failures="0" timestamp="30 Jul 2019 04:29:01 GMT" time="88.999" errors="0">
  <testcase name="Original # 42" time="9.484" classname="com.salesforce.automation.test.RPAErrorPageTest"/>
  <testcase name="Original # 43" time="9.128" classname="com.salesforce.automation.test.RPAErrorPageTest"/>
  <testcase name="Original # 44" time="7.038" classname="com.salesforce.automation.test.RPAErrorPageTest"/>
  <testcase name="Original # 45" time="7.047" classname="com.salesforce.automation.test.RPAErrorPageTest"/>
  <testcase name="Original # 46" time="6.832" classname="com.salesforce.automation.test.RPAErrorPageTest"/>
  <testcase name="Original # 48" time="9.483" classname="com.salesforce.automation.test.RPAErrorPageTest"/>
</testsuite> <!-- SalesForce -->
