<?xml version="1.0" encoding="UTF-8"?>
<!-- Generated by org.testng.reporters.JUnitXMLReporter -->
<testsuite hostname="M5-D-CXNNX52" name="SalesForce" tests="2" failures="0" timestamp="7 May 2019 08:59:03 GMT" time="99.276" errors="0">
  <testcase name="test_AccountSearchPage_Scenario1" time="45.738" classname="com.salesforce.automation.test.AccountContractPageTest"/>
  <testcase name="test_AccountSearchPage_Scenario2" time="52.768" classname="com.salesforce.automation.test.AccountContractPageTest"/>
</testsuite> <!-- SalesForce -->
