<?xml version="1.0" encoding="UTF-8"?>
<testng-results skipped="0" failed="0" ignored="0" total="1" passed="1">
  <reporter-output>
  </reporter-output>
  <suite name="Suite" duration-ms="63459" started-at="2020-11-25T09:43:38Z" finished-at="2020-11-25T09:44:41Z">
    <groups>
    </groups>
    <test name="Test" duration-ms="63459" started-at="2020-11-25T09:43:38Z" finished-at="2020-11-25T09:44:41Z">
      <class name="com.salesforce.automation.test.LeadPageTest">
        <test-method status="PASS" signature="before()[pri:0, instance:com.salesforce.automation.test.LeadPageTest@7f690630]" test-instance-name="Sample Test" name="before" is-config="true" duration-ms="29710" started-at="2020-11-25T15:13:38Z" finished-at="2020-11-25T15:14:07Z">
          <reporter-output>
          </reporter-output>
        </test-method> <!-- before -->
        <test-method status="PASS" signature="test_LeadPage(com.salesforce.automation.datamodel.LeadDataModel)[pri:0, instance:com.salesforce.automation.test.LeadPageTest@7f690630]" test-instance-name="Sample Test" name="test_LeadPage" duration-ms="32696" started-at="2020-11-25T15:14:08Z" data-provider="LeadPage" finished-at="2020-11-25T15:14:41Z">
          <params>
            <param index="0">
              <value>
                <![CDATA[com.salesforce.automation.datamodel.LeadDataModel@3d6300e8]]>
              </value>
            </param>
          </params>
          <reporter-output>
          </reporter-output>
        </test-method> <!-- test_LeadPage -->
        <test-method status="PASS" signature="BeforeMethod(java.lang.reflect.Method, [Ljava.lang.Object;, org.testng.ITestContext)[pri:0, instance:com.salesforce.automation.test.LeadPageTest@7f690630]" test-instance-name="Sample Test" name="BeforeMethod" is-config="true" duration-ms="0" started-at="2020-11-25T15:14:08Z" finished-at="2020-11-25T15:14:08Z">
          <params>
            <param index="0">
              <value>
                <![CDATA[public void com.salesforce.automation.test.LeadPageTest.test_LeadPage(com.salesforce.automation.datamodel.LeadDataModel) throws java.lang.Exception]]>
              </value>
            </param>
            <param index="1">
              <value>
                <![CDATA[[Ljava.lang.Object;@34abdee4]]>
              </value>
            </param>
            <param index="2">
              <value>
                <![CDATA[org.testng.TestRunner@71a9b4c7]]>
              </value>
            </param>
          </params>
          <reporter-output>
          </reporter-output>
        </test-method> <!-- BeforeMethod -->
        <test-method status="PASS" signature="afterAll()[pri:0, instance:com.salesforce.automation.test.LeadPageTest@7f690630]" test-instance-name="Sample Test" name="afterAll" is-config="true" duration-ms="84" started-at="2020-11-25T15:14:41Z" finished-at="2020-11-25T15:14:41Z">
          <reporter-output>
          </reporter-output>
        </test-method> <!-- afterAll -->
        <test-method status="PASS" signature="tearDown(org.testng.ITestResult)[pri:0, instance:com.salesforce.automation.test.LeadPageTest@7f690630]" test-instance-name="Sample Test" name="tearDown" is-config="true" duration-ms="0" started-at="2020-11-25T15:14:41Z" finished-at="2020-11-25T15:14:41Z">
          <params>
            <param index="0">
              <value>
                <![CDATA[[TestResult name=Sample Test status=SUCCESS method=LeadPageTest.test_LeadPage(com.salesforce.automation.datamodel.LeadDataModel)[pri:0, instance:com.salesforce.automation.test.LeadPageTest@7f690630] output={null}]]]>
              </value>
            </param>
          </params>
          <reporter-output>
          </reporter-output>
        </test-method> <!-- tearDown -->
      </class> <!-- com.salesforce.automation.test.LeadPageTest -->
    </test> <!-- Test -->
  </suite> <!-- Suite -->
</testng-results>
