<?xml version="1.0" encoding="UTF-8"?>
<testng-results skipped="0" failed="0" ignored="0" total="1" passed="1">
  <reporter-output>
  </reporter-output>
  <suite name="Suite" duration-ms="74909" started-at="2020-11-25T10:44:30Z" finished-at="2020-11-25T10:45:44Z">
    <groups>
    </groups>
    <test name="Test" duration-ms="74909" started-at="2020-11-25T10:44:30Z" finished-at="2020-11-25T10:45:44Z">
      <class name="com.salesforce.automation.test.LeadPageTest">
        <test-method status="PASS" signature="before()[pri:0, instance:com.salesforce.automation.test.LeadPageTest@5bcab519]" test-instance-name="Sample Test" name="before" is-config="true" duration-ms="36794" started-at="2020-11-25T16:14:30Z" finished-at="2020-11-25T16:15:06Z">
          <reporter-output>
          </reporter-output>
        </test-method> <!-- before -->
        <test-method status="PASS" signature="BeforeMethod(java.lang.reflect.Method, [Ljava.lang.Object;, org.testng.ITestContext)[pri:0, instance:com.salesforce.automation.test.LeadPageTest@5bcab519]" test-instance-name="Sample Test" name="BeforeMethod" is-config="true" duration-ms="0" started-at="2020-11-25T16:15:07Z" finished-at="2020-11-25T16:15:07Z">
          <params>
            <param index="0">
              <value>
                <![CDATA[public void com.salesforce.automation.test.LeadPageTest.test_LeadPage(com.salesforce.automation.datamodel.LeadDataModel) throws java.lang.Exception]]>
              </value>
            </param>
            <param index="1">
              <value>
                <![CDATA[[Ljava.lang.Object;@3a7b503d]]>
              </value>
            </param>
            <param index="2">
              <value>
                <![CDATA[org.testng.TestRunner@512d92b]]>
              </value>
            </param>
          </params>
          <reporter-output>
          </reporter-output>
        </test-method> <!-- BeforeMethod -->
        <test-method status="PASS" signature="test_LeadPage(com.salesforce.automation.datamodel.LeadDataModel)[pri:0, instance:com.salesforce.automation.test.LeadPageTest@5bcab519]" test-instance-name="Sample Test" name="test_LeadPage" duration-ms="37204" started-at="2020-11-25T16:15:07Z" data-provider="LeadPage" finished-at="2020-11-25T16:15:44Z">
          <params>
            <param index="0">
              <value>
                <![CDATA[com.salesforce.automation.datamodel.LeadDataModel@292d1c71]]>
              </value>
            </param>
          </params>
          <reporter-output>
          </reporter-output>
        </test-method> <!-- test_LeadPage -->
        <test-method status="PASS" signature="tearDown(org.testng.ITestResult)[pri:0, instance:com.salesforce.automation.test.LeadPageTest@5bcab519]" test-instance-name="Sample Test" name="tearDown" is-config="true" duration-ms="0" started-at="2020-11-25T16:15:44Z" finished-at="2020-11-25T16:15:44Z">
          <params>
            <param index="0">
              <value>
                <![CDATA[[TestResult name=Sample Test status=SUCCESS method=LeadPageTest.test_LeadPage(com.salesforce.automation.datamodel.LeadDataModel)[pri:0, instance:com.salesforce.automation.test.LeadPageTest@5bcab519] output={null}]]]>
              </value>
            </param>
          </params>
          <reporter-output>
          </reporter-output>
        </test-method> <!-- tearDown -->
        <test-method status="PASS" signature="afterAll()[pri:0, instance:com.salesforce.automation.test.LeadPageTest@5bcab519]" test-instance-name="Sample Test" name="afterAll" is-config="true" duration-ms="159" started-at="2020-11-25T16:15:44Z" finished-at="2020-11-25T16:15:44Z">
          <reporter-output>
          </reporter-output>
        </test-method> <!-- afterAll -->
      </class> <!-- com.salesforce.automation.test.LeadPageTest -->
    </test> <!-- Test -->
  </suite> <!-- Suite -->
</testng-results>
