<?xml version="1.0" encoding="UTF-8"?>
<testng-results skipped="0" failed="0" ignored="0" total="1" passed="1">
  <reporter-output>
  </reporter-output>
  <suite name="Default suite" duration-ms="46639" started-at="2020-11-12T11:59:11Z" finished-at="2020-11-12T11:59:58Z">
    <groups>
    </groups>
    <test name="Default test" duration-ms="46639" started-at="2020-11-12T11:59:11Z" finished-at="2020-11-12T11:59:58Z">
      <class name="com.salesforce.automation.test.LeadPageTest">
        <test-method status="PASS" signature="before()[pri:0, instance:com.salesforce.automation.test.LeadPageTest@5f2108b5]" test-instance-name="Sample Login" name="before" is-config="true" duration-ms="14530" started-at="2020-11-12T17:29:11Z" finished-at="2020-11-12T17:29:26Z">
          <reporter-output>
          </reporter-output>
        </test-method> <!-- before -->
        <test-method status="PASS" signature="BeforeMethod(java.lang.reflect.Method, [Ljava.lang.Object;, org.testng.ITestContext)[pri:0, instance:com.salesforce.automation.test.LeadPageTest@5f2108b5]" test-instance-name="Sample Login" name="BeforeMethod" is-config="true" duration-ms="1" started-at="2020-11-12T17:29:27Z" finished-at="2020-11-12T17:29:27Z">
          <params>
            <param index="0">
              <value>
                <![CDATA[public void com.salesforce.automation.test.LeadPageTest.test_LeadPage(com.salesforce.automation.datamodel.LeadDataModel) throws java.lang.Exception]]>
              </value>
            </param>
            <param index="1">
              <value>
                <![CDATA[[Ljava.lang.Object;@6ebd78d1]]>
              </value>
            </param>
            <param index="2">
              <value>
                <![CDATA[org.testng.TestRunner@436390f4]]>
              </value>
            </param>
          </params>
          <reporter-output>
          </reporter-output>
        </test-method> <!-- BeforeMethod -->
        <test-method status="PASS" signature="test_LeadPage(com.salesforce.automation.datamodel.LeadDataModel)[pri:0, instance:com.salesforce.automation.test.LeadPageTest@5f2108b5]" test-instance-name="Sample Login" name="test_LeadPage" duration-ms="30991" started-at="2020-11-12T17:29:27Z" data-provider="LeadPage" finished-at="2020-11-12T17:29:58Z">
          <params>
            <param index="0">
              <value>
                <![CDATA[com.salesforce.automation.datamodel.LeadDataModel@665e9289]]>
              </value>
            </param>
          </params>
          <reporter-output>
          </reporter-output>
        </test-method> <!-- test_LeadPage -->
        <test-method status="PASS" signature="tearDown(org.testng.ITestResult)[pri:0, instance:com.salesforce.automation.test.LeadPageTest@5f2108b5]" test-instance-name="Sample Login" name="tearDown" is-config="true" duration-ms="0" started-at="2020-11-12T17:29:58Z" finished-at="2020-11-12T17:29:58Z">
          <params>
            <param index="0">
              <value>
                <![CDATA[[TestResult name=Sample Login status=SUCCESS method=LeadPageTest.test_LeadPage(com.salesforce.automation.datamodel.LeadDataModel)[pri:0, instance:com.salesforce.automation.test.LeadPageTest@5f2108b5] output={null}]]]>
              </value>
            </param>
          </params>
          <reporter-output>
          </reporter-output>
        </test-method> <!-- tearDown -->
        <test-method status="PASS" signature="afterAll()[pri:0, instance:com.salesforce.automation.test.LeadPageTest@5f2108b5]" test-instance-name="Sample Login" name="afterAll" is-config="true" duration-ms="182" started-at="2020-11-12T17:29:58Z" finished-at="2020-11-12T17:29:58Z">
          <reporter-output>
          </reporter-output>
        </test-method> <!-- afterAll -->
      </class> <!-- com.salesforce.automation.test.LeadPageTest -->
    </test> <!-- Default test -->
  </suite> <!-- Default suite -->
</testng-results>
